2014/07/31 22:02:56 [error] [php] include(TbArray.php): failed to open stream: No such file or directory (C:\servidor\htdocs\yii\framework\YiiBase.php:421)
Stack trace:
#0 C:\servidor\htdocs\MessageManager\protected\extensions\bootstrap\helpers\TbHtml.php(4327): spl_autoload_call()
#1 C:\servidor\htdocs\MessageManager\protected\extensions\bootstrap\helpers\TbHtml.php(632): addSpanClass()
#2 C:\servidor\htdocs\MessageManager\protected\extensions\bootstrap\helpers\TbHtml.php(3166): tag()
#3 C:\servidor\htdocs\MessageManager\themes\MessageManager\views\layouts\main.php(44): menuDivider()
#4 C:\servidor\htdocs\yii\framework\web\CBaseController.php(126): require()
#5 C:\servidor\htdocs\yii\framework\web\CBaseController.php(95): SiteController->renderInternal()
#6 C:\servidor\htdocs\yii\framework\web\widgets\CContentDecorator.php(76): SiteController->renderFile()
#7 C:\servidor\htdocs\yii\framework\web\widgets\CContentDecorator.php(54): CContentDecorator->decorate()
#8 C:\servidor\htdocs\yii\framework\web\widgets\COutputProcessor.php(44): CContentDecorator->processOutput()
#9 C:\servidor\htdocs\yii\framework\web\CBaseController.php(206): CContentDecorator->run()
#10 C:\servidor\htdocs\yii\framework\web\CBaseController.php(300): SiteController->endWidget()
#11 C:\servidor\htdocs\MessageManager\themes\MessageManager\views\layouts\column1.php(6): SiteController->endContent()
#12 C:\servidor\htdocs\yii\framework\web\CBaseController.php(126): require()
#13 C:\servidor\htdocs\yii\framework\web\CBaseController.php(95): SiteController->renderInternal()
#14 C:\servidor\htdocs\yii\framework\web\CController.php(784): SiteController->renderFile()
#15 C:\servidor\htdocs\MessageManager\protected\controllers\SiteController.php(32): SiteController->render()
#16 C:\servidor\htdocs\yii\framework\web\actions\CInlineAction.php(49): SiteController->actionIndex()
#17 C:\servidor\htdocs\yii\framework\web\CController.php(308): CInlineAction->runWithParams()
#18 C:\servidor\htdocs\yii\framework\web\CController.php(286): SiteController->runAction()
#19 C:\servidor\htdocs\yii\framework\web\CController.php(265): SiteController->runActionWithFilters()
#20 C:\servidor\htdocs\yii\framework\web\CWebApplication.php(282): SiteController->run()
#21 C:\servidor\htdocs\yii\framework\web\CWebApplication.php(141): CWebApplication->runController()
#22 C:\servidor\htdocs\yii\framework\base\CApplication.php(169): CWebApplication->processRequest()
#23 C:\servidor\htdocs\MessageManager\index.php(13): CWebApplication->run()
REQUEST_URI=/MessageManager/index.php
in C:\servidor\htdocs\MessageManager\protected\extensions\bootstrap\helpers\TbHtml.php (4327)
in C:\servidor\htdocs\MessageManager\protected\extensions\bootstrap\helpers\TbHtml.php (632)
in C:\servidor\htdocs\MessageManager\protected\extensions\bootstrap\helpers\TbHtml.php (3166)
2014/07/31 22:03:12 [error] [php] include(TbArray.php): failed to open stream: No such file or directory (C:\servidor\htdocs\yii\framework\YiiBase.php:421)
Stack trace:
#0 C:\servidor\htdocs\MessageManager\protected\extensions\bootstrap\helpers\TbHtml.php(4327): spl_autoload_call()
#1 C:\servidor\htdocs\MessageManager\protected\extensions\bootstrap\helpers\TbHtml.php(632): addSpanClass()
#2 C:\servidor\htdocs\MessageManager\protected\extensions\bootstrap\helpers\TbHtml.php(3166): tag()
#3 C:\servidor\htdocs\MessageManager\themes\MessageManager\views\layouts\main.php(44): menuDivider()
#4 C:\servidor\htdocs\yii\framework\web\CBaseController.php(126): require()
#5 C:\servidor\htdocs\yii\framework\web\CBaseController.php(95): SiteController->renderInternal()
#6 C:\servidor\htdocs\yii\framework\web\widgets\CContentDecorator.php(76): SiteController->renderFile()
#7 C:\servidor\htdocs\yii\framework\web\widgets\CContentDecorator.php(54): CContentDecorator->decorate()
#8 C:\servidor\htdocs\yii\framework\web\widgets\COutputProcessor.php(44): CContentDecorator->processOutput()
#9 C:\servidor\htdocs\yii\framework\web\CBaseController.php(206): CContentDecorator->run()
#10 C:\servidor\htdocs\yii\framework\web\CBaseController.php(300): SiteController->endWidget()
#11 C:\servidor\htdocs\MessageManager\themes\MessageManager\views\layouts\column1.php(6): SiteController->endContent()
#12 C:\servidor\htdocs\yii\framework\web\CBaseController.php(126): require()
#13 C:\servidor\htdocs\yii\framework\web\CBaseController.php(95): SiteController->renderInternal()
#14 C:\servidor\htdocs\yii\framework\web\CController.php(784): SiteController->renderFile()
#15 C:\servidor\htdocs\MessageManager\protected\controllers\SiteController.php(32): SiteController->render()
#16 C:\servidor\htdocs\yii\framework\web\actions\CInlineAction.php(49): SiteController->actionIndex()
#17 C:\servidor\htdocs\yii\framework\web\CController.php(308): CInlineAction->runWithParams()
#18 C:\servidor\htdocs\yii\framework\web\CController.php(286): SiteController->runAction()
#19 C:\servidor\htdocs\yii\framework\web\CController.php(265): SiteController->runActionWithFilters()
#20 C:\servidor\htdocs\yii\framework\web\CWebApplication.php(282): SiteController->run()
#21 C:\servidor\htdocs\yii\framework\web\CWebApplication.php(141): CWebApplication->runController()
#22 C:\servidor\htdocs\yii\framework\base\CApplication.php(169): CWebApplication->processRequest()
#23 C:\servidor\htdocs\MessageManager\index.php(13): CWebApplication->run()
REQUEST_URI=/MessageManager/index.php
in C:\servidor\htdocs\MessageManager\protected\extensions\bootstrap\helpers\TbHtml.php (4327)
in C:\servidor\htdocs\MessageManager\protected\extensions\bootstrap\helpers\TbHtml.php (632)
in C:\servidor\htdocs\MessageManager\protected\extensions\bootstrap\helpers\TbHtml.php (3166)
2014/07/31 22:15:14 [error] [php] include(TbArray.php): failed to open stream: No such file or directory (C:\servidor\htdocs\yii\framework\YiiBase.php:421)
Stack trace:
#0 C:\servidor\htdocs\MessageManager\protected\extensions\bootstrap\helpers\TbHtml.php(4327): spl_autoload_call()
#1 C:\servidor\htdocs\MessageManager\protected\extensions\bootstrap\helpers\TbHtml.php(632): addSpanClass()
#2 C:\servidor\htdocs\MessageManager\protected\extensions\bootstrap\helpers\TbHtml.php(3166): tag()
#3 C:\servidor\htdocs\MessageManager\themes\MessageManager\views\layouts\main.php(40): menuDivider()
#4 C:\servidor\htdocs\yii\framework\web\CBaseController.php(126): require()
#5 C:\servidor\htdocs\yii\framework\web\CBaseController.php(95): SiteController->renderInternal()
#6 C:\servidor\htdocs\yii\framework\web\widgets\CContentDecorator.php(76): SiteController->renderFile()
#7 C:\servidor\htdocs\yii\framework\web\widgets\CContentDecorator.php(54): CContentDecorator->decorate()
#8 C:\servidor\htdocs\yii\framework\web\widgets\COutputProcessor.php(44): CContentDecorator->processOutput()
#9 C:\servidor\htdocs\yii\framework\web\CBaseController.php(206): CContentDecorator->run()
#10 C:\servidor\htdocs\yii\framework\web\CBaseController.php(300): SiteController->endWidget()
#11 C:\servidor\htdocs\MessageManager\themes\MessageManager\views\layouts\column1.php(6): SiteController->endContent()
#12 C:\servidor\htdocs\yii\framework\web\CBaseController.php(126): require()
#13 C:\servidor\htdocs\yii\framework\web\CBaseController.php(95): SiteController->renderInternal()
#14 C:\servidor\htdocs\yii\framework\web\CController.php(784): SiteController->renderFile()
#15 C:\servidor\htdocs\MessageManager\protected\controllers\SiteController.php(32): SiteController->render()
#16 C:\servidor\htdocs\yii\framework\web\actions\CInlineAction.php(49): SiteController->actionIndex()
#17 C:\servidor\htdocs\yii\framework\web\CController.php(308): CInlineAction->runWithParams()
#18 C:\servidor\htdocs\yii\framework\web\CController.php(286): SiteController->runAction()
#19 C:\servidor\htdocs\yii\framework\web\CController.php(265): SiteController->runActionWithFilters()
#20 C:\servidor\htdocs\yii\framework\web\CWebApplication.php(282): SiteController->run()
#21 C:\servidor\htdocs\yii\framework\web\CWebApplication.php(141): CWebApplication->runController()
#22 C:\servidor\htdocs\yii\framework\base\CApplication.php(169): CWebApplication->processRequest()
#23 C:\servidor\htdocs\MessageManager\index.php(13): CWebApplication->run()
REQUEST_URI=/MessageManager/index.php
in C:\servidor\htdocs\MessageManager\protected\extensions\bootstrap\helpers\TbHtml.php (4327)
in C:\servidor\htdocs\MessageManager\protected\extensions\bootstrap\helpers\TbHtml.php (632)
in C:\servidor\htdocs\MessageManager\protected\extensions\bootstrap\helpers\TbHtml.php (3166)
2014/07/31 22:16:45 [error] [php] include(TbArray.php): failed to open stream: No such file or directory (C:\servidor\htdocs\yii\framework\YiiBase.php:421)
Stack trace:
#0 C:\servidor\htdocs\MessageManager\protected\extensions\bootstrap\helpers\TbHtml.php(4327): spl_autoload_call()
#1 C:\servidor\htdocs\MessageManager\protected\extensions\bootstrap\helpers\TbHtml.php(632): addSpanClass()
#2 C:\servidor\htdocs\MessageManager\protected\extensions\bootstrap\helpers\TbHtml.php(3166): tag()
#3 C:\servidor\htdocs\MessageManager\themes\MessageManager\views\layouts\main.php(41): menuDivider()
#4 C:\servidor\htdocs\yii\framework\web\CBaseController.php(126): require()
#5 C:\servidor\htdocs\yii\framework\web\CBaseController.php(95): SiteController->renderInternal()
#6 C:\servidor\htdocs\yii\framework\web\widgets\CContentDecorator.php(76): SiteController->renderFile()
#7 C:\servidor\htdocs\yii\framework\web\widgets\CContentDecorator.php(54): CContentDecorator->decorate()
#8 C:\servidor\htdocs\yii\framework\web\widgets\COutputProcessor.php(44): CContentDecorator->processOutput()
#9 C:\servidor\htdocs\yii\framework\web\CBaseController.php(206): CContentDecorator->run()
#10 C:\servidor\htdocs\yii\framework\web\CBaseController.php(300): SiteController->endWidget()
#11 C:\servidor\htdocs\MessageManager\themes\MessageManager\views\layouts\column1.php(6): SiteController->endContent()
#12 C:\servidor\htdocs\yii\framework\web\CBaseController.php(126): require()
#13 C:\servidor\htdocs\yii\framework\web\CBaseController.php(95): SiteController->renderInternal()
#14 C:\servidor\htdocs\yii\framework\web\CController.php(784): SiteController->renderFile()
#15 C:\servidor\htdocs\MessageManager\protected\controllers\SiteController.php(32): SiteController->render()
#16 C:\servidor\htdocs\yii\framework\web\actions\CInlineAction.php(49): SiteController->actionIndex()
#17 C:\servidor\htdocs\yii\framework\web\CController.php(308): CInlineAction->runWithParams()
#18 C:\servidor\htdocs\yii\framework\web\CController.php(286): SiteController->runAction()
#19 C:\servidor\htdocs\yii\framework\web\CController.php(265): SiteController->runActionWithFilters()
#20 C:\servidor\htdocs\yii\framework\web\CWebApplication.php(282): SiteController->run()
#21 C:\servidor\htdocs\yii\framework\web\CWebApplication.php(141): CWebApplication->runController()
#22 C:\servidor\htdocs\yii\framework\base\CApplication.php(169): CWebApplication->processRequest()
#23 C:\servidor\htdocs\MessageManager\index.php(13): CWebApplication->run()
REQUEST_URI=/MessageManager/
in C:\servidor\htdocs\MessageManager\protected\extensions\bootstrap\helpers\TbHtml.php (4327)
in C:\servidor\htdocs\MessageManager\protected\extensions\bootstrap\helpers\TbHtml.php (632)
in C:\servidor\htdocs\MessageManager\protected\extensions\bootstrap\helpers\TbHtml.php (3166)
2014/07/31 22:21:52 [error] [php] include(TbArray.php): failed to open stream: No such file or directory (C:\servidor\htdocs\yii\framework\YiiBase.php:421)
Stack trace:
#0 C:\servidor\htdocs\MessageManager\protected\extensions\bootstrap\helpers\TbHtml.php(4327): spl_autoload_call()
#1 C:\servidor\htdocs\MessageManager\protected\extensions\bootstrap\helpers\TbHtml.php(632): addSpanClass()
#2 C:\servidor\htdocs\MessageManager\protected\extensions\bootstrap\helpers\TbHtml.php(3166): tag()
#3 C:\servidor\htdocs\MessageManager\themes\MessageManager\views\layouts\main.php(41): menuDivider()
#4 C:\servidor\htdocs\yii\framework\web\CBaseController.php(126): require()
#5 C:\servidor\htdocs\yii\framework\web\CBaseController.php(95): SiteController->renderInternal()
#6 C:\servidor\htdocs\yii\framework\web\widgets\CContentDecorator.php(76): SiteController->renderFile()
#7 C:\servidor\htdocs\yii\framework\web\widgets\CContentDecorator.php(54): CContentDecorator->decorate()
#8 C:\servidor\htdocs\yii\framework\web\widgets\COutputProcessor.php(44): CContentDecorator->processOutput()
#9 C:\servidor\htdocs\yii\framework\web\CBaseController.php(206): CContentDecorator->run()
#10 C:\servidor\htdocs\yii\framework\web\CBaseController.php(300): SiteController->endWidget()
#11 C:\servidor\htdocs\MessageManager\themes\MessageManager\views\layouts\column1.php(6): SiteController->endContent()
#12 C:\servidor\htdocs\yii\framework\web\CBaseController.php(126): require()
#13 C:\servidor\htdocs\yii\framework\web\CBaseController.php(95): SiteController->renderInternal()
#14 C:\servidor\htdocs\yii\framework\web\CController.php(784): SiteController->renderFile()
#15 C:\servidor\htdocs\MessageManager\protected\controllers\SiteController.php(32): SiteController->render()
#16 C:\servidor\htdocs\yii\framework\web\actions\CInlineAction.php(49): SiteController->actionIndex()
#17 C:\servidor\htdocs\yii\framework\web\CController.php(308): CInlineAction->runWithParams()
#18 C:\servidor\htdocs\yii\framework\web\CController.php(286): SiteController->runAction()
#19 C:\servidor\htdocs\yii\framework\web\CController.php(265): SiteController->runActionWithFilters()
#20 C:\servidor\htdocs\yii\framework\web\CWebApplication.php(282): SiteController->run()
#21 C:\servidor\htdocs\yii\framework\web\CWebApplication.php(141): CWebApplication->runController()
#22 C:\servidor\htdocs\yii\framework\base\CApplication.php(169): CWebApplication->processRequest()
#23 C:\servidor\htdocs\MessageManager\index.php(13): CWebApplication->run()
REQUEST_URI=/MessageManager/
in C:\servidor\htdocs\MessageManager\protected\extensions\bootstrap\helpers\TbHtml.php (4327)
in C:\servidor\htdocs\MessageManager\protected\extensions\bootstrap\helpers\TbHtml.php (632)
in C:\servidor\htdocs\MessageManager\protected\extensions\bootstrap\helpers\TbHtml.php (3166)
2014/07/31 22:47:14 [error] [php] include(TbArray.php): failed to open stream: No such file or directory (C:\servidor\htdocs\yii\framework\YiiBase.php:421)
Stack trace:
#0 C:\servidor\htdocs\MessageManager\protected\extensions\bootstrap\helpers\TbHtml.php(4327): spl_autoload_call()
#1 C:\servidor\htdocs\MessageManager\protected\extensions\bootstrap\helpers\TbHtml.php(632): addSpanClass()
#2 C:\servidor\htdocs\MessageManager\protected\extensions\bootstrap\helpers\TbHtml.php(3166): tag()
#3 C:\servidor\htdocs\MessageManager\themes\MessageManager\views\layouts\main.php(41): menuDivider()
#4 C:\servidor\htdocs\yii\framework\web\CBaseController.php(126): require()
#5 C:\servidor\htdocs\yii\framework\web\CBaseController.php(95): SiteController->renderInternal()
#6 C:\servidor\htdocs\yii\framework\web\widgets\CContentDecorator.php(76): SiteController->renderFile()
#7 C:\servidor\htdocs\yii\framework\web\widgets\CContentDecorator.php(54): CContentDecorator->decorate()
#8 C:\servidor\htdocs\yii\framework\web\widgets\COutputProcessor.php(44): CContentDecorator->processOutput()
#9 C:\servidor\htdocs\yii\framework\web\CBaseController.php(206): CContentDecorator->run()
#10 C:\servidor\htdocs\yii\framework\web\CBaseController.php(300): SiteController->endWidget()
#11 C:\servidor\htdocs\MessageManager\themes\MessageManager\views\layouts\column1.php(6): SiteController->endContent()
#12 C:\servidor\htdocs\yii\framework\web\CBaseController.php(126): require()
#13 C:\servidor\htdocs\yii\framework\web\CBaseController.php(95): SiteController->renderInternal()
#14 C:\servidor\htdocs\yii\framework\web\CController.php(784): SiteController->renderFile()
#15 C:\servidor\htdocs\MessageManager\protected\controllers\SiteController.php(32): SiteController->render()
#16 C:\servidor\htdocs\yii\framework\web\actions\CInlineAction.php(49): SiteController->actionIndex()
#17 C:\servidor\htdocs\yii\framework\web\CController.php(308): CInlineAction->runWithParams()
#18 C:\servidor\htdocs\yii\framework\web\CController.php(286): SiteController->runAction()
#19 C:\servidor\htdocs\yii\framework\web\CController.php(265): SiteController->runActionWithFilters()
#20 C:\servidor\htdocs\yii\framework\web\CWebApplication.php(282): SiteController->run()
#21 C:\servidor\htdocs\yii\framework\web\CWebApplication.php(141): CWebApplication->runController()
#22 C:\servidor\htdocs\yii\framework\base\CApplication.php(169): CWebApplication->processRequest()
#23 C:\servidor\htdocs\MessageManager\index.php(13): CWebApplication->run()
REQUEST_URI=/MessageManager/
in C:\servidor\htdocs\MessageManager\protected\extensions\bootstrap\helpers\TbHtml.php (4327)
in C:\servidor\htdocs\MessageManager\protected\extensions\bootstrap\helpers\TbHtml.php (632)
in C:\servidor\htdocs\MessageManager\protected\extensions\bootstrap\helpers\TbHtml.php (3166)
2014/07/31 22:47:52 [error] [php] include(TbArray.php): failed to open stream: No such file or directory (C:\servidor\htdocs\yii\framework\YiiBase.php:421)
Stack trace:
#0 C:\servidor\htdocs\MessageManager\protected\extensions\bootstrap\helpers\TbHtml.php(4327): spl_autoload_call()
#1 C:\servidor\htdocs\MessageManager\protected\extensions\bootstrap\helpers\TbHtml.php(632): addSpanClass()
#2 C:\servidor\htdocs\MessageManager\protected\extensions\bootstrap\helpers\TbHtml.php(3166): tag()
#3 C:\servidor\htdocs\MessageManager\themes\MessageManager\views\layouts\main.php(41): menuDivider()
#4 C:\servidor\htdocs\yii\framework\web\CBaseController.php(126): require()
#5 C:\servidor\htdocs\yii\framework\web\CBaseController.php(95): SiteController->renderInternal()
#6 C:\servidor\htdocs\yii\framework\web\widgets\CContentDecorator.php(76): SiteController->renderFile()
#7 C:\servidor\htdocs\yii\framework\web\widgets\CContentDecorator.php(54): CContentDecorator->decorate()
#8 C:\servidor\htdocs\yii\framework\web\widgets\COutputProcessor.php(44): CContentDecorator->processOutput()
#9 C:\servidor\htdocs\yii\framework\web\CBaseController.php(206): CContentDecorator->run()
#10 C:\servidor\htdocs\yii\framework\web\CBaseController.php(300): SiteController->endWidget()
#11 C:\servidor\htdocs\MessageManager\themes\MessageManager\views\layouts\column1.php(6): SiteController->endContent()
#12 C:\servidor\htdocs\yii\framework\web\CBaseController.php(126): require()
#13 C:\servidor\htdocs\yii\framework\web\CBaseController.php(95): SiteController->renderInternal()
#14 C:\servidor\htdocs\yii\framework\web\CController.php(784): SiteController->renderFile()
#15 C:\servidor\htdocs\MessageManager\protected\controllers\SiteController.php(32): SiteController->render()
#16 C:\servidor\htdocs\yii\framework\web\actions\CInlineAction.php(49): SiteController->actionIndex()
#17 C:\servidor\htdocs\yii\framework\web\CController.php(308): CInlineAction->runWithParams()
#18 C:\servidor\htdocs\yii\framework\web\CController.php(286): SiteController->runAction()
#19 C:\servidor\htdocs\yii\framework\web\CController.php(265): SiteController->runActionWithFilters()
#20 C:\servidor\htdocs\yii\framework\web\CWebApplication.php(282): SiteController->run()
#21 C:\servidor\htdocs\yii\framework\web\CWebApplication.php(141): CWebApplication->runController()
#22 C:\servidor\htdocs\yii\framework\base\CApplication.php(169): CWebApplication->processRequest()
#23 C:\servidor\htdocs\MessageManager\index.php(13): CWebApplication->run()
REQUEST_URI=/MessageManager/
in C:\servidor\htdocs\MessageManager\protected\extensions\bootstrap\helpers\TbHtml.php (4327)
in C:\servidor\htdocs\MessageManager\protected\extensions\bootstrap\helpers\TbHtml.php (632)
in C:\servidor\htdocs\MessageManager\protected\extensions\bootstrap\helpers\TbHtml.php (3166)
2014/07/31 22:54:50 [error] [php] include(TbArray.php): failed to open stream: No such file or directory (C:\servidor\htdocs\yii\framework\YiiBase.php:421)
Stack trace:
#0 C:\servidor\htdocs\MessageManager\protected\extensions\bootstrap\helpers\TbHtml.php(4327): spl_autoload_call()
#1 C:\servidor\htdocs\MessageManager\protected\extensions\bootstrap\helpers\TbHtml.php(632): addSpanClass()
#2 C:\servidor\htdocs\MessageManager\protected\extensions\bootstrap\helpers\TbHtml.php(3166): tag()
#3 C:\servidor\htdocs\MessageManager\themes\MessageManager\views\layouts\main.php(41): menuDivider()
#4 C:\servidor\htdocs\yii\framework\web\CBaseController.php(126): require()
#5 C:\servidor\htdocs\yii\framework\web\CBaseController.php(95): SiteController->renderInternal()
#6 C:\servidor\htdocs\yii\framework\web\widgets\CContentDecorator.php(76): SiteController->renderFile()
#7 C:\servidor\htdocs\yii\framework\web\widgets\CContentDecorator.php(54): CContentDecorator->decorate()
#8 C:\servidor\htdocs\yii\framework\web\widgets\COutputProcessor.php(44): CContentDecorator->processOutput()
#9 C:\servidor\htdocs\yii\framework\web\CBaseController.php(206): CContentDecorator->run()
#10 C:\servidor\htdocs\yii\framework\web\CBaseController.php(300): SiteController->endWidget()
#11 C:\servidor\htdocs\MessageManager\themes\MessageManager\views\layouts\column1.php(6): SiteController->endContent()
#12 C:\servidor\htdocs\yii\framework\web\CBaseController.php(126): require()
#13 C:\servidor\htdocs\yii\framework\web\CBaseController.php(95): SiteController->renderInternal()
#14 C:\servidor\htdocs\yii\framework\web\CController.php(784): SiteController->renderFile()
#15 C:\servidor\htdocs\MessageManager\protected\controllers\SiteController.php(32): SiteController->render()
#16 C:\servidor\htdocs\yii\framework\web\actions\CInlineAction.php(49): SiteController->actionIndex()
#17 C:\servidor\htdocs\yii\framework\web\CController.php(308): CInlineAction->runWithParams()
#18 C:\servidor\htdocs\yii\framework\web\CController.php(286): SiteController->runAction()
#19 C:\servidor\htdocs\yii\framework\web\CController.php(265): SiteController->runActionWithFilters()
#20 C:\servidor\htdocs\yii\framework\web\CWebApplication.php(282): SiteController->run()
#21 C:\servidor\htdocs\yii\framework\web\CWebApplication.php(141): CWebApplication->runController()
#22 C:\servidor\htdocs\yii\framework\base\CApplication.php(169): CWebApplication->processRequest()
#23 C:\servidor\htdocs\MessageManager\index.php(13): CWebApplication->run()
REQUEST_URI=/MessageManager/
in C:\servidor\htdocs\MessageManager\protected\extensions\bootstrap\helpers\TbHtml.php (4327)
in C:\servidor\htdocs\MessageManager\protected\extensions\bootstrap\helpers\TbHtml.php (632)
in C:\servidor\htdocs\MessageManager\protected\extensions\bootstrap\helpers\TbHtml.php (3166)
2014/07/31 22:54:53 [error] [php] include(TbArray.php): failed to open stream: No such file or directory (C:\servidor\htdocs\yii\framework\YiiBase.php:421)
Stack trace:
#0 C:\servidor\htdocs\MessageManager\protected\extensions\bootstrap\helpers\TbHtml.php(4327): spl_autoload_call()
#1 C:\servidor\htdocs\MessageManager\protected\extensions\bootstrap\helpers\TbHtml.php(632): addSpanClass()
#2 C:\servidor\htdocs\MessageManager\protected\extensions\bootstrap\helpers\TbHtml.php(3166): tag()
#3 C:\servidor\htdocs\MessageManager\themes\MessageManager\views\layouts\main.php(41): menuDivider()
#4 C:\servidor\htdocs\yii\framework\web\CBaseController.php(126): require()
#5 C:\servidor\htdocs\yii\framework\web\CBaseController.php(95): SiteController->renderInternal()
#6 C:\servidor\htdocs\yii\framework\web\widgets\CContentDecorator.php(76): SiteController->renderFile()
#7 C:\servidor\htdocs\yii\framework\web\widgets\CContentDecorator.php(54): CContentDecorator->decorate()
#8 C:\servidor\htdocs\yii\framework\web\widgets\COutputProcessor.php(44): CContentDecorator->processOutput()
#9 C:\servidor\htdocs\yii\framework\web\CBaseController.php(206): CContentDecorator->run()
#10 C:\servidor\htdocs\yii\framework\web\CBaseController.php(300): SiteController->endWidget()
#11 C:\servidor\htdocs\MessageManager\themes\MessageManager\views\layouts\column1.php(6): SiteController->endContent()
#12 C:\servidor\htdocs\yii\framework\web\CBaseController.php(126): require()
#13 C:\servidor\htdocs\yii\framework\web\CBaseController.php(95): SiteController->renderInternal()
#14 C:\servidor\htdocs\yii\framework\web\CController.php(784): SiteController->renderFile()
#15 C:\servidor\htdocs\MessageManager\protected\controllers\SiteController.php(32): SiteController->render()
#16 C:\servidor\htdocs\yii\framework\web\actions\CInlineAction.php(49): SiteController->actionIndex()
#17 C:\servidor\htdocs\yii\framework\web\CController.php(308): CInlineAction->runWithParams()
#18 C:\servidor\htdocs\yii\framework\web\CController.php(286): SiteController->runAction()
#19 C:\servidor\htdocs\yii\framework\web\CController.php(265): SiteController->runActionWithFilters()
#20 C:\servidor\htdocs\yii\framework\web\CWebApplication.php(282): SiteController->run()
#21 C:\servidor\htdocs\yii\framework\web\CWebApplication.php(141): CWebApplication->runController()
#22 C:\servidor\htdocs\yii\framework\base\CApplication.php(169): CWebApplication->processRequest()
#23 C:\servidor\htdocs\MessageManager\index.php(13): CWebApplication->run()
REQUEST_URI=/MessageManager/
in C:\servidor\htdocs\MessageManager\protected\extensions\bootstrap\helpers\TbHtml.php (4327)
in C:\servidor\htdocs\MessageManager\protected\extensions\bootstrap\helpers\TbHtml.php (632)
in C:\servidor\htdocs\MessageManager\protected\extensions\bootstrap\helpers\TbHtml.php (3166)
2014/07/31 23:02:33 [error] [php] include(TbHtml.php): failed to open stream: No such file or directory (C:\servidor\htdocs\yii\framework\YiiBase.php:421)
Stack trace:
#0 C:\servidor\htdocs\MessageManager\themes\MessageManager\views\layouts\main.php(32): spl_autoload_call()
#1 C:\servidor\htdocs\yii\framework\web\CBaseController.php(126): require()
#2 C:\servidor\htdocs\yii\framework\web\CBaseController.php(95): SiteController->renderInternal()
#3 C:\servidor\htdocs\yii\framework\web\widgets\CContentDecorator.php(76): SiteController->renderFile()
#4 C:\servidor\htdocs\yii\framework\web\widgets\CContentDecorator.php(54): CContentDecorator->decorate()
#5 C:\servidor\htdocs\yii\framework\web\widgets\COutputProcessor.php(44): CContentDecorator->processOutput()
#6 C:\servidor\htdocs\yii\framework\web\CBaseController.php(206): CContentDecorator->run()
#7 C:\servidor\htdocs\yii\framework\web\CBaseController.php(300): SiteController->endWidget()
#8 C:\servidor\htdocs\MessageManager\themes\MessageManager\views\layouts\column1.php(6): SiteController->endContent()
#9 C:\servidor\htdocs\yii\framework\web\CBaseController.php(126): require()
#10 C:\servidor\htdocs\yii\framework\web\CBaseController.php(95): SiteController->renderInternal()
#11 C:\servidor\htdocs\yii\framework\web\CController.php(784): SiteController->renderFile()
#12 C:\servidor\htdocs\MessageManager\protected\controllers\SiteController.php(32): SiteController->render()
#13 C:\servidor\htdocs\yii\framework\web\actions\CInlineAction.php(49): SiteController->actionIndex()
#14 C:\servidor\htdocs\yii\framework\web\CController.php(308): CInlineAction->runWithParams()
#15 C:\servidor\htdocs\yii\framework\web\CController.php(286): SiteController->runAction()
#16 C:\servidor\htdocs\yii\framework\web\CController.php(265): SiteController->runActionWithFilters()
#17 C:\servidor\htdocs\yii\framework\web\CWebApplication.php(282): SiteController->run()
#18 C:\servidor\htdocs\yii\framework\web\CWebApplication.php(141): CWebApplication->runController()
#19 C:\servidor\htdocs\yii\framework\base\CApplication.php(169): CWebApplication->processRequest()
#20 C:\servidor\htdocs\MessageManager\index.php(13): CWebApplication->run()
REQUEST_URI=/MessageManager/
in C:\servidor\htdocs\MessageManager\themes\MessageManager\views\layouts\main.php (32)
in C:\servidor\htdocs\MessageManager\themes\MessageManager\views\layouts\column1.php (6)
in C:\servidor\htdocs\MessageManager\protected\controllers\SiteController.php (32)
2014/08/05 07:55:23 [error] [exception.CException] exception 'CException' with message 'Alias "application.components.YiiAMQP.Meta.RabbitMQ" is invalid. Make sure it points to an existing PHP file and the file is readable.' in C:\servidor\htdocs\yii\framework\YiiBase.php:316
Stack trace:
#0 C:\servidor\htdocs\yii\framework\YiiBase.php(196): YiiBase::import('application.com...', true)
#1 C:\servidor\htdocs\yii\framework\base\CModule.php(386): YiiBase::createComponent(Array)
#2 C:\servidor\htdocs\yii\framework\base\CModule.php(103): CModule->getComponent('rabbitMQ')
#3 C:\servidor\htdocs\MessageManager\protected\controllers\MessagesController.php(54): CModule->__get('rabbitMQ')
#4 C:\servidor\htdocs\yii\framework\web\actions\CInlineAction.php(49): MessagesController->actionSend()
#5 C:\servidor\htdocs\yii\framework\web\CController.php(308): CInlineAction->runWithParams(Array)
#6 C:\servidor\htdocs\yii\framework\web\CController.php(286): CController->runAction(Object(CInlineAction))
#7 C:\servidor\htdocs\yii\framework\web\CController.php(265): CController->runActionWithFilters(Object(CInlineAction), Array)
#8 C:\servidor\htdocs\yii\framework\web\CWebApplication.php(282): CController->run('send')
#9 C:\servidor\htdocs\yii\framework\web\CWebApplication.php(141): CWebApplication->runController('messages/send')
#10 C:\servidor\htdocs\yii\framework\base\CApplication.php(169): CWebApplication->processRequest()
#11 C:\servidor\htdocs\MessageManager\index.php(13): CApplication->run()
#12 {main}
REQUEST_URI=/MessageManager/index.php/messages/send
HTTP_REFERER=http://localhost/MessageManager/index.php/messages/message
---
2014/08/05 07:56:01 [error] [exception.CException] exception 'CException' with message 'Alias "application.components.RabbitMQ.RabbitMQ" is invalid. Make sure it points to an existing PHP file and the file is readable.' in C:\servidor\htdocs\yii\framework\YiiBase.php:316
Stack trace:
#0 C:\servidor\htdocs\yii\framework\YiiBase.php(196): YiiBase::import('application.com...', true)
#1 C:\servidor\htdocs\yii\framework\base\CModule.php(386): YiiBase::createComponent(Array)
#2 C:\servidor\htdocs\yii\framework\base\CModule.php(103): CModule->getComponent('rabbitMQ')
#3 C:\servidor\htdocs\MessageManager\protected\controllers\MessagesController.php(54): CModule->__get('rabbitMQ')
#4 C:\servidor\htdocs\yii\framework\web\actions\CInlineAction.php(49): MessagesController->actionSend()
#5 C:\servidor\htdocs\yii\framework\web\CController.php(308): CInlineAction->runWithParams(Array)
#6 C:\servidor\htdocs\yii\framework\web\CController.php(286): CController->runAction(Object(CInlineAction))
#7 C:\servidor\htdocs\yii\framework\web\CController.php(265): CController->runActionWithFilters(Object(CInlineAction), Array)
#8 C:\servidor\htdocs\yii\framework\web\CWebApplication.php(282): CController->run('send')
#9 C:\servidor\htdocs\yii\framework\web\CWebApplication.php(141): CWebApplication->runController('messages/send')
#10 C:\servidor\htdocs\yii\framework\base\CApplication.php(169): CWebApplication->processRequest()
#11 C:\servidor\htdocs\MessageManager\index.php(13): CApplication->run()
#12 {main}
REQUEST_URI=/MessageManager/index.php/messages/send
HTTP_REFERER=http://localhost/MessageManager/index.php/messages/message
---
2014/08/05 07:56:49 [error] [exception.CException] exception 'CException' with message 'Alias "application.components.YiiAMQP.Meta.RabbitMQ" is invalid. Make sure it points to an existing PHP file and the file is readable.' in C:\servidor\htdocs\yii\framework\YiiBase.php:316
Stack trace:
#0 C:\servidor\htdocs\yii\framework\YiiBase.php(196): YiiBase::import('application.com...', true)
#1 C:\servidor\htdocs\yii\framework\base\CModule.php(386): YiiBase::createComponent(Array)
#2 C:\servidor\htdocs\yii\framework\base\CModule.php(103): CModule->getComponent('rabbitMQ')
#3 C:\servidor\htdocs\MessageManager\protected\controllers\MessagesController.php(54): CModule->__get('rabbitMQ')
#4 C:\servidor\htdocs\yii\framework\web\actions\CInlineAction.php(49): MessagesController->actionSend()
#5 C:\servidor\htdocs\yii\framework\web\CController.php(308): CInlineAction->runWithParams(Array)
#6 C:\servidor\htdocs\yii\framework\web\CController.php(286): CController->runAction(Object(CInlineAction))
#7 C:\servidor\htdocs\yii\framework\web\CController.php(265): CController->runActionWithFilters(Object(CInlineAction), Array)
#8 C:\servidor\htdocs\yii\framework\web\CWebApplication.php(282): CController->run('send')
#9 C:\servidor\htdocs\yii\framework\web\CWebApplication.php(141): CWebApplication->runController('messages/send')
#10 C:\servidor\htdocs\yii\framework\base\CApplication.php(169): CWebApplication->processRequest()
#11 C:\servidor\htdocs\MessageManager\index.php(13): CApplication->run()
#12 {main}
REQUEST_URI=/MessageManager/index.php/messages/send
HTTP_REFERER=http://localhost/MessageManager/index.php/messages/message
---
2014/08/05 08:15:35 [error] [php] include(AMQPQueue.php): failed to open stream: No such file or directory (C:\servidor\htdocs\yii\framework\YiiBase.php:421)
Stack trace:
#0 C:\servidor\htdocs\MessageManager\protected\components\AMQP\CAMQPQueue.php(32): spl_autoload_call()
#1 C:\servidor\htdocs\MessageManager\protected\components\AMQP\CAMQP.php(83): include_once()
#2 C:\servidor\htdocs\yii\framework\base\CModule.php(387): CAMQP->init()
#3 C:\servidor\htdocs\yii\framework\base\CModule.php(103): CWebApplication->getComponent()
#4 C:\servidor\htdocs\MessageManager\protected\controllers\MessagesController.php(54): CWebApplication->__get()
#5 C:\servidor\htdocs\yii\framework\web\actions\CInlineAction.php(49): MessagesController->actionSend()
#6 C:\servidor\htdocs\yii\framework\web\CController.php(308): CInlineAction->runWithParams()
#7 C:\servidor\htdocs\yii\framework\web\CController.php(286): MessagesController->runAction()
#8 C:\servidor\htdocs\yii\framework\web\CController.php(265): MessagesController->runActionWithFilters()
#9 C:\servidor\htdocs\yii\framework\web\CWebApplication.php(282): MessagesController->run()
#10 C:\servidor\htdocs\yii\framework\web\CWebApplication.php(141): CWebApplication->runController()
#11 C:\servidor\htdocs\yii\framework\base\CApplication.php(169): CWebApplication->processRequest()
#12 C:\servidor\htdocs\MessageManager\index.php(13): CWebApplication->run()
REQUEST_URI=/MessageManager/index.php/messages/send
in C:\servidor\htdocs\MessageManager\protected\components\AMQP\CAMQPQueue.php (32)
in C:\servidor\htdocs\MessageManager\protected\components\AMQP\CAMQP.php (83)
in C:\servidor\htdocs\MessageManager\protected\controllers\MessagesController.php (54)
2014/08/05 08:17:32 [error] [php] include(AMQPQueue.php): failed to open stream: No such file or directory (C:\servidor\htdocs\yii\framework\YiiBase.php:421)
Stack trace:
#0 C:\servidor\htdocs\MessageManager\protected\components\AMQP\CAMQPQueue.php(32): spl_autoload_call()
#1 C:\servidor\htdocs\MessageManager\protected\components\AMQP\CAMQP.php(83): include_once()
#2 C:\servidor\htdocs\yii\framework\base\CModule.php(387): CAMQP->init()
#3 C:\servidor\htdocs\yii\framework\base\CModule.php(103): CWebApplication->getComponent()
#4 C:\servidor\htdocs\MessageManager\protected\controllers\MessagesController.php(54): CWebApplication->__get()
#5 C:\servidor\htdocs\yii\framework\web\actions\CInlineAction.php(49): MessagesController->actionSend()
#6 C:\servidor\htdocs\yii\framework\web\CController.php(308): CInlineAction->runWithParams()
#7 C:\servidor\htdocs\yii\framework\web\CController.php(286): MessagesController->runAction()
#8 C:\servidor\htdocs\yii\framework\web\CController.php(265): MessagesController->runActionWithFilters()
#9 C:\servidor\htdocs\yii\framework\web\CWebApplication.php(282): MessagesController->run()
#10 C:\servidor\htdocs\yii\framework\web\CWebApplication.php(141): CWebApplication->runController()
#11 C:\servidor\htdocs\yii\framework\base\CApplication.php(169): CWebApplication->processRequest()
#12 C:\servidor\htdocs\MessageManager\index.php(13): CWebApplication->run()
REQUEST_URI=/MessageManager/index.php/messages/send
in C:\servidor\htdocs\MessageManager\protected\components\AMQP\CAMQPQueue.php (32)
in C:\servidor\htdocs\MessageManager\protected\components\AMQP\CAMQP.php (83)
in C:\servidor\htdocs\MessageManager\protected\controllers\MessagesController.php (54)
2014/08/05 08:56:04 [error] [php] include(AMQPQueue.php): failed to open stream: No such file or directory (C:\servidor\htdocs\yii\framework\YiiBase.php:421)
Stack trace:
#0 C:\servidor\htdocs\MessageManager\protected\components\AMQP\CAMQPQueue.php(32): spl_autoload_call()
#1 C:\servidor\htdocs\MessageManager\protected\components\AMQP\CAMQP.php(83): include_once()
#2 C:\servidor\htdocs\yii\framework\base\CModule.php(387): CAMQP->init()
#3 C:\servidor\htdocs\yii\framework\base\CModule.php(103): CWebApplication->getComponent()
#4 C:\servidor\htdocs\MessageManager\protected\controllers\MessagesController.php(54): CWebApplication->__get()
#5 C:\servidor\htdocs\yii\framework\web\actions\CInlineAction.php(49): MessagesController->actionSend()
#6 C:\servidor\htdocs\yii\framework\web\CController.php(308): CInlineAction->runWithParams()
#7 C:\servidor\htdocs\yii\framework\web\CController.php(286): MessagesController->runAction()
#8 C:\servidor\htdocs\yii\framework\web\CController.php(265): MessagesController->runActionWithFilters()
#9 C:\servidor\htdocs\yii\framework\web\CWebApplication.php(282): MessagesController->run()
#10 C:\servidor\htdocs\yii\framework\web\CWebApplication.php(141): CWebApplication->runController()
#11 C:\servidor\htdocs\yii\framework\base\CApplication.php(169): CWebApplication->processRequest()
#12 C:\servidor\htdocs\MessageManager\index.php(13): CWebApplication->run()
REQUEST_URI=/MessageManager/index.php/messages/send
in C:\servidor\htdocs\MessageManager\protected\components\AMQP\CAMQPQueue.php (32)
in C:\servidor\htdocs\MessageManager\protected\components\AMQP\CAMQP.php (83)
in C:\servidor\htdocs\MessageManager\protected\controllers\MessagesController.php (54)
2014/08/05 16:02:46 [error] [php] include(AMQPQueue.php): failed to open stream: No such file or directory (C:\servidor\htdocs\yii\framework\YiiBase.php:421)
Stack trace:
#0 C:\servidor\htdocs\MessageManager\protected\components\AMQP\CAMQPQueue.php(32): spl_autoload_call()
#1 C:\servidor\htdocs\MessageManager\protected\components\AMQP\CAMQP.php(83): include_once()
#2 C:\servidor\htdocs\yii\framework\base\CModule.php(387): CAMQP->init()
#3 C:\servidor\htdocs\yii\framework\base\CModule.php(103): CWebApplication->getComponent()
#4 C:\servidor\htdocs\MessageManager\protected\controllers\MessagesController.php(54): CWebApplication->__get()
#5 C:\servidor\htdocs\yii\framework\web\actions\CInlineAction.php(49): MessagesController->actionSend()
#6 C:\servidor\htdocs\yii\framework\web\CController.php(308): CInlineAction->runWithParams()
#7 C:\servidor\htdocs\yii\framework\web\CController.php(286): MessagesController->runAction()
#8 C:\servidor\htdocs\yii\framework\web\CController.php(265): MessagesController->runActionWithFilters()
#9 C:\servidor\htdocs\yii\framework\web\CWebApplication.php(282): MessagesController->run()
#10 C:\servidor\htdocs\yii\framework\web\CWebApplication.php(141): CWebApplication->runController()
#11 C:\servidor\htdocs\yii\framework\base\CApplication.php(169): CWebApplication->processRequest()
#12 C:\servidor\htdocs\MessageManager\index.php(13): CWebApplication->run()
REQUEST_URI=/MessageManager/index.php/messages/send
in C:\servidor\htdocs\MessageManager\protected\components\AMQP\CAMQPQueue.php (32)
in C:\servidor\htdocs\MessageManager\protected\components\AMQP\CAMQP.php (83)
in C:\servidor\htdocs\MessageManager\protected\controllers\MessagesController.php (54)
2014/08/05 16:14:28 [error] [php] include(AMQPQueue.php): failed to open stream: No such file or directory (C:\servidor\htdocs\yii\framework\YiiBase.php:421)
Stack trace:
#0 C:\servidor\htdocs\MessageManager\protected\components\AMQP\CAMQPQueue.php(32): spl_autoload_call()
#1 C:\servidor\htdocs\MessageManager\protected\components\AMQP\CAMQP.php(83): include_once()
#2 C:\servidor\htdocs\yii\framework\base\CModule.php(387): CAMQP->init()
#3 C:\servidor\htdocs\yii\framework\base\CModule.php(103): CWebApplication->getComponent()
#4 C:\servidor\htdocs\MessageManager\protected\controllers\MessagesController.php(54): CWebApplication->__get()
#5 C:\servidor\htdocs\yii\framework\web\actions\CInlineAction.php(49): MessagesController->actionSend()
#6 C:\servidor\htdocs\yii\framework\web\CController.php(308): CInlineAction->runWithParams()
#7 C:\servidor\htdocs\yii\framework\web\CController.php(286): MessagesController->runAction()
#8 C:\servidor\htdocs\yii\framework\web\CController.php(265): MessagesController->runActionWithFilters()
#9 C:\servidor\htdocs\yii\framework\web\CWebApplication.php(282): MessagesController->run()
#10 C:\servidor\htdocs\yii\framework\web\CWebApplication.php(141): CWebApplication->runController()
#11 C:\servidor\htdocs\yii\framework\base\CApplication.php(169): CWebApplication->processRequest()
#12 C:\servidor\htdocs\MessageManager\index.php(13): CWebApplication->run()
REQUEST_URI=/MessageManager/index.php/messages/send
in C:\servidor\htdocs\MessageManager\protected\components\AMQP\CAMQPQueue.php (32)
in C:\servidor\htdocs\MessageManager\protected\components\AMQP\CAMQP.php (83)
in C:\servidor\htdocs\MessageManager\protected\controllers\MessagesController.php (54)
2014/08/05 22:53:14 [error] [exception.CException] exception 'CException' with message 'Property "CWebApplication.rabbitMQ" is not defined.' in C:\servidor\htdocs\yii\framework\base\CComponent.php:130
Stack trace:
#0 C:\servidor\htdocs\yii\framework\base\CModule.php(105): CComponent->__get('rabbitMQ')
#1 C:\servidor\htdocs\MessageManager\protected\controllers\MessagesController.php(54): CModule->__get('rabbitMQ')
#2 C:\servidor\htdocs\yii\framework\web\actions\CInlineAction.php(49): MessagesController->actionSend()
#3 C:\servidor\htdocs\yii\framework\web\CController.php(308): CInlineAction->runWithParams(Array)
#4 C:\servidor\htdocs\yii\framework\web\CController.php(286): CController->runAction(Object(CInlineAction))
#5 C:\servidor\htdocs\yii\framework\web\CController.php(265): CController->runActionWithFilters(Object(CInlineAction), Array)
#6 C:\servidor\htdocs\yii\framework\web\CWebApplication.php(282): CController->run('send')
#7 C:\servidor\htdocs\yii\framework\web\CWebApplication.php(141): CWebApplication->runController('messages/send')
#8 C:\servidor\htdocs\yii\framework\base\CApplication.php(169): CWebApplication->processRequest()
#9 C:\servidor\htdocs\MessageManager\index.php(13): CApplication->run()
#10 {main}
REQUEST_URI=/MessageManager/index.php/messages/send
HTTP_REFERER=http://localhost/MessageManager/index.php/messages/message
---
2014/08/05 22:55:16 [error] [exception.CException] exception 'CException' with message 'Property "CWebApplication.rabbitMQ" is not defined.' in C:\servidor\htdocs\yii\framework\base\CComponent.php:130
Stack trace:
#0 C:\servidor\htdocs\yii\framework\base\CModule.php(105): CComponent->__get('rabbitMQ')
#1 C:\servidor\htdocs\MessageManager\protected\controllers\MessagesController.php(54): CModule->__get('rabbitMQ')
#2 C:\servidor\htdocs\yii\framework\web\actions\CInlineAction.php(49): MessagesController->actionSend()
#3 C:\servidor\htdocs\yii\framework\web\CController.php(308): CInlineAction->runWithParams(Array)
#4 C:\servidor\htdocs\yii\framework\web\CController.php(286): CController->runAction(Object(CInlineAction))
#5 C:\servidor\htdocs\yii\framework\web\CController.php(265): CController->runActionWithFilters(Object(CInlineAction), Array)
#6 C:\servidor\htdocs\yii\framework\web\CWebApplication.php(282): CController->run('send')
#7 C:\servidor\htdocs\yii\framework\web\CWebApplication.php(141): CWebApplication->runController('messages/send')
#8 C:\servidor\htdocs\yii\framework\base\CApplication.php(169): CWebApplication->processRequest()
#9 C:\servidor\htdocs\MessageManager\index.php(13): CApplication->run()
#10 {main}
REQUEST_URI=/MessageManager/index.php/messages/send
HTTP_REFERER=http://localhost/MessageManager/index.php/messages/message
---
2014/08/05 23:13:34 [error] [exception.CException] exception 'CException' with message 'Property "CWebApplication.rabbitMQ" is not defined.' in C:\servidor\htdocs\yii\framework\base\CComponent.php:130
Stack trace:
#0 C:\servidor\htdocs\yii\framework\base\CModule.php(105): CComponent->__get('rabbitMQ')
#1 C:\servidor\htdocs\MessageManager\protected\controllers\MessagesController.php(54): CModule->__get('rabbitMQ')
#2 C:\servidor\htdocs\yii\framework\web\actions\CInlineAction.php(49): MessagesController->actionSend()
#3 C:\servidor\htdocs\yii\framework\web\CController.php(308): CInlineAction->runWithParams(Array)
#4 C:\servidor\htdocs\yii\framework\web\CController.php(286): CController->runAction(Object(CInlineAction))
#5 C:\servidor\htdocs\yii\framework\web\CController.php(265): CController->runActionWithFilters(Object(CInlineAction), Array)
#6 C:\servidor\htdocs\yii\framework\web\CWebApplication.php(282): CController->run('send')
#7 C:\servidor\htdocs\yii\framework\web\CWebApplication.php(141): CWebApplication->runController('messages/send')
#8 C:\servidor\htdocs\yii\framework\base\CApplication.php(169): CWebApplication->processRequest()
#9 C:\servidor\htdocs\MessageManager\index.php(13): CApplication->run()
#10 {main}
REQUEST_URI=/MessageManager/index.php/messages/send
HTTP_REFERER=http://localhost/MessageManager/index.php/messages/message
---
2014/08/05 23:15:57 [error] [exception.CException] exception 'CException' with message 'Property "CWebApplication.rabbitMQ" is not defined.' in C:\servidor\htdocs\yii\framework\base\CComponent.php:130
Stack trace:
#0 C:\servidor\htdocs\yii\framework\base\CModule.php(105): CComponent->__get('rabbitMQ')
#1 C:\servidor\htdocs\MessageManager\protected\controllers\MessagesController.php(54): CModule->__get('rabbitMQ')
#2 C:\servidor\htdocs\yii\framework\web\actions\CInlineAction.php(49): MessagesController->actionSend()
#3 C:\servidor\htdocs\yii\framework\web\CController.php(308): CInlineAction->runWithParams(Array)
#4 C:\servidor\htdocs\yii\framework\web\CController.php(286): CController->runAction(Object(CInlineAction))
#5 C:\servidor\htdocs\yii\framework\web\CController.php(265): CController->runActionWithFilters(Object(CInlineAction), Array)
#6 C:\servidor\htdocs\yii\framework\web\CWebApplication.php(282): CController->run('send')
#7 C:\servidor\htdocs\yii\framework\web\CWebApplication.php(141): CWebApplication->runController('messages/send')
#8 C:\servidor\htdocs\yii\framework\base\CApplication.php(169): CWebApplication->processRequest()
#9 C:\servidor\htdocs\MessageManager\index.php(13): CApplication->run()
#10 {main}
REQUEST_URI=/MessageManager/index.php/messages/send
HTTP_REFERER=http://localhost/MessageManager/index.php/messages/message
---
2014/08/05 23:18:01 [error] [exception.CException] exception 'CException' with message 'Property "CWebApplication.rabbitMQ" is not defined.' in C:\servidor\htdocs\yii\framework\base\CComponent.php:130
Stack trace:
#0 C:\servidor\htdocs\yii\framework\base\CModule.php(105): CComponent->__get('rabbitMQ')
#1 C:\servidor\htdocs\MessageManager\protected\controllers\MessagesController.php(54): CModule->__get('rabbitMQ')
#2 C:\servidor\htdocs\yii\framework\web\actions\CInlineAction.php(49): MessagesController->actionSend()
#3 C:\servidor\htdocs\yii\framework\web\CController.php(308): CInlineAction->runWithParams(Array)
#4 C:\servidor\htdocs\yii\framework\web\CController.php(286): CController->runAction(Object(CInlineAction))
#5 C:\servidor\htdocs\yii\framework\web\CController.php(265): CController->runActionWithFilters(Object(CInlineAction), Array)
#6 C:\servidor\htdocs\yii\framework\web\CWebApplication.php(282): CController->run('send')
#7 C:\servidor\htdocs\yii\framework\web\CWebApplication.php(141): CWebApplication->runController('messages/send')
#8 C:\servidor\htdocs\yii\framework\base\CApplication.php(169): CWebApplication->processRequest()
#9 C:\servidor\htdocs\MessageManager\index.php(13): CApplication->run()
#10 {main}
REQUEST_URI=/MessageManager/index.php/messages/send
HTTP_REFERER=http://localhost/MessageManager/index.php/messages/message
---
2014/08/05 23:22:34 [error] [exception.CException] exception 'CException' with message 'Property "CWebApplication.rabbitMQ" is not defined.' in C:\servidor\htdocs\yii\framework\base\CComponent.php:130
Stack trace:
#0 C:\servidor\htdocs\yii\framework\base\CModule.php(105): CComponent->__get('rabbitMQ')
#1 C:\servidor\htdocs\MessageManager\protected\controllers\MessagesController.php(54): CModule->__get('rabbitMQ')
#2 C:\servidor\htdocs\yii\framework\web\actions\CInlineAction.php(49): MessagesController->actionSend()
#3 C:\servidor\htdocs\yii\framework\web\CController.php(308): CInlineAction->runWithParams(Array)
#4 C:\servidor\htdocs\yii\framework\web\CController.php(286): CController->runAction(Object(CInlineAction))
#5 C:\servidor\htdocs\yii\framework\web\CController.php(265): CController->runActionWithFilters(Object(CInlineAction), Array)
#6 C:\servidor\htdocs\yii\framework\web\CWebApplication.php(282): CController->run('send')
#7 C:\servidor\htdocs\yii\framework\web\CWebApplication.php(141): CWebApplication->runController('messages/send')
#8 C:\servidor\htdocs\yii\framework\base\CApplication.php(169): CWebApplication->processRequest()
#9 C:\servidor\htdocs\MessageManager\index.php(13): CApplication->run()
#10 {main}
REQUEST_URI=/MessageManager/index.php/messages/send
HTTP_REFERER=http://localhost/MessageManager/index.php/messages/message
---
2014/08/05 23:30:09 [error] [exception.CException] exception 'CException' with message 'Alias "application.components.RabbitMQ.RabbitMQ" is invalid. Make sure it points to an existing PHP file and the file is readable.' in C:\servidor\htdocs\yii\framework\YiiBase.php:316
Stack trace:
#0 C:\servidor\htdocs\yii\framework\YiiBase.php(196): YiiBase::import('application.com...', true)
#1 C:\servidor\htdocs\yii\framework\base\CModule.php(386): YiiBase::createComponent(Array)
#2 C:\servidor\htdocs\yii\framework\base\CModule.php(103): CModule->getComponent('rabbitMQ')
#3 C:\servidor\htdocs\MessageManager\protected\controllers\MessagesController.php(54): CModule->__get('rabbitMQ')
#4 C:\servidor\htdocs\yii\framework\web\actions\CInlineAction.php(49): MessagesController->actionSend()
#5 C:\servidor\htdocs\yii\framework\web\CController.php(308): CInlineAction->runWithParams(Array)
#6 C:\servidor\htdocs\yii\framework\web\CController.php(286): CController->runAction(Object(CInlineAction))
#7 C:\servidor\htdocs\yii\framework\web\CController.php(265): CController->runActionWithFilters(Object(CInlineAction), Array)
#8 C:\servidor\htdocs\yii\framework\web\CWebApplication.php(282): CController->run('send')
#9 C:\servidor\htdocs\yii\framework\web\CWebApplication.php(141): CWebApplication->runController('messages/send')
#10 C:\servidor\htdocs\yii\framework\base\CApplication.php(169): CWebApplication->processRequest()
#11 C:\servidor\htdocs\MessageManager\index.php(13): CApplication->run()
#12 {main}
REQUEST_URI=/MessageManager/index.php/messages/send
HTTP_REFERER=http://localhost/MessageManager/index.php/messages/message
---
2014/08/05 23:32:16 [error] [exception.CException] exception 'CException' with message 'Alias "application.components.YiiAMQP" is invalid. Make sure it points to an existing PHP file and the file is readable.' in C:\servidor\htdocs\yii\framework\YiiBase.php:316
Stack trace:
#0 C:\servidor\htdocs\yii\framework\YiiBase.php(196): YiiBase::import('application.com...', true)
#1 C:\servidor\htdocs\yii\framework\base\CModule.php(386): YiiBase::createComponent(Array)
#2 C:\servidor\htdocs\yii\framework\base\CModule.php(103): CModule->getComponent('rabbitMQ')
#3 C:\servidor\htdocs\MessageManager\protected\controllers\MessagesController.php(54): CModule->__get('rabbitMQ')
#4 C:\servidor\htdocs\yii\framework\web\actions\CInlineAction.php(49): MessagesController->actionSend()
#5 C:\servidor\htdocs\yii\framework\web\CController.php(308): CInlineAction->runWithParams(Array)
#6 C:\servidor\htdocs\yii\framework\web\CController.php(286): CController->runAction(Object(CInlineAction))
#7 C:\servidor\htdocs\yii\framework\web\CController.php(265): CController->runActionWithFilters(Object(CInlineAction), Array)
#8 C:\servidor\htdocs\yii\framework\web\CWebApplication.php(282): CController->run('send')
#9 C:\servidor\htdocs\yii\framework\web\CWebApplication.php(141): CWebApplication->runController('messages/send')
#10 C:\servidor\htdocs\yii\framework\base\CApplication.php(169): CWebApplication->processRequest()
#11 C:\servidor\htdocs\MessageManager\index.php(13): CApplication->run()
#12 {main}
REQUEST_URI=/MessageManager/index.php/messages/send
HTTP_REFERER=http://localhost/MessageManager/index.php/messages/message
---
2014/08/05 23:32:42 [error] [exception.CException] exception 'CException' with message 'Alias "application.components.YiiAMQP.Meta" is invalid. Make sure it points to an existing PHP file and the file is readable.' in C:\servidor\htdocs\yii\framework\YiiBase.php:316
Stack trace:
#0 C:\servidor\htdocs\yii\framework\YiiBase.php(196): YiiBase::import('application.com...', true)
#1 C:\servidor\htdocs\yii\framework\base\CModule.php(386): YiiBase::createComponent(Array)
#2 C:\servidor\htdocs\yii\framework\base\CModule.php(103): CModule->getComponent('rabbitMQ')
#3 C:\servidor\htdocs\MessageManager\protected\controllers\MessagesController.php(54): CModule->__get('rabbitMQ')
#4 C:\servidor\htdocs\yii\framework\web\actions\CInlineAction.php(49): MessagesController->actionSend()
#5 C:\servidor\htdocs\yii\framework\web\CController.php(308): CInlineAction->runWithParams(Array)
#6 C:\servidor\htdocs\yii\framework\web\CController.php(286): CController->runAction(Object(CInlineAction))
#7 C:\servidor\htdocs\yii\framework\web\CController.php(265): CController->runActionWithFilters(Object(CInlineAction), Array)
#8 C:\servidor\htdocs\yii\framework\web\CWebApplication.php(282): CController->run('send')
#9 C:\servidor\htdocs\yii\framework\web\CWebApplication.php(141): CWebApplication->runController('messages/send')
#10 C:\servidor\htdocs\yii\framework\base\CApplication.php(169): CWebApplication->processRequest()
#11 C:\servidor\htdocs\MessageManager\index.php(13): CApplication->run()
#12 {main}
REQUEST_URI=/MessageManager/index.php/messages/send
HTTP_REFERER=http://localhost/MessageManager/index.php/messages/message
---
2014/08/05 23:32:44 [error] [exception.CException] exception 'CException' with message 'Alias "application.components.YiiAMQP.Meta" is invalid. Make sure it points to an existing PHP file and the file is readable.' in C:\servidor\htdocs\yii\framework\YiiBase.php:316
Stack trace:
#0 C:\servidor\htdocs\yii\framework\YiiBase.php(196): YiiBase::import('application.com...', true)
#1 C:\servidor\htdocs\yii\framework\base\CModule.php(386): YiiBase::createComponent(Array)
#2 C:\servidor\htdocs\yii\framework\base\CModule.php(103): CModule->getComponent('rabbitMQ')
#3 C:\servidor\htdocs\MessageManager\protected\controllers\MessagesController.php(54): CModule->__get('rabbitMQ')
#4 C:\servidor\htdocs\yii\framework\web\actions\CInlineAction.php(49): MessagesController->actionSend()
#5 C:\servidor\htdocs\yii\framework\web\CController.php(308): CInlineAction->runWithParams(Array)
#6 C:\servidor\htdocs\yii\framework\web\CController.php(286): CController->runAction(Object(CInlineAction))
#7 C:\servidor\htdocs\yii\framework\web\CController.php(265): CController->runActionWithFilters(Object(CInlineAction), Array)
#8 C:\servidor\htdocs\yii\framework\web\CWebApplication.php(282): CController->run('send')
#9 C:\servidor\htdocs\yii\framework\web\CWebApplication.php(141): CWebApplication->runController('messages/send')
#10 C:\servidor\htdocs\yii\framework\base\CApplication.php(169): CWebApplication->processRequest()
#11 C:\servidor\htdocs\MessageManager\index.php(13): CApplication->run()
#12 {main}
REQUEST_URI=/MessageManager/index.php/messages/send
HTTP_REFERER=http://localhost/MessageManager/index.php/messages/message
---
2014/08/05 23:33:01 [error] [exception.CException] exception 'CException' with message 'Alias "application.components.YiiAMQP.Meta.RabbitMQ" is invalid. Make sure it points to an existing PHP file and the file is readable.' in C:\servidor\htdocs\yii\framework\YiiBase.php:316
Stack trace:
#0 C:\servidor\htdocs\yii\framework\YiiBase.php(196): YiiBase::import('application.com...', true)
#1 C:\servidor\htdocs\yii\framework\base\CModule.php(386): YiiBase::createComponent(Array)
#2 C:\servidor\htdocs\yii\framework\base\CModule.php(103): CModule->getComponent('rabbitMQ')
#3 C:\servidor\htdocs\MessageManager\protected\controllers\MessagesController.php(54): CModule->__get('rabbitMQ')
#4 C:\servidor\htdocs\yii\framework\web\actions\CInlineAction.php(49): MessagesController->actionSend()
#5 C:\servidor\htdocs\yii\framework\web\CController.php(308): CInlineAction->runWithParams(Array)
#6 C:\servidor\htdocs\yii\framework\web\CController.php(286): CController->runAction(Object(CInlineAction))
#7 C:\servidor\htdocs\yii\framework\web\CController.php(265): CController->runActionWithFilters(Object(CInlineAction), Array)
#8 C:\servidor\htdocs\yii\framework\web\CWebApplication.php(282): CController->run('send')
#9 C:\servidor\htdocs\yii\framework\web\CWebApplication.php(141): CWebApplication->runController('messages/send')
#10 C:\servidor\htdocs\yii\framework\base\CApplication.php(169): CWebApplication->processRequest()
#11 C:\servidor\htdocs\MessageManager\index.php(13): CApplication->run()
#12 {main}
REQUEST_URI=/MessageManager/index.php/messages/send
HTTP_REFERER=http://localhost/MessageManager/index.php/messages/message
---
2014/08/05 23:58:06 [error] [exception.CException] exception 'CException' with message 'Alias "YiiAMQP" is invalid. Make sure it points to an existing directory.' in C:\servidor\htdocs\yii\framework\YiiBase.php:290
Stack trace:
#0 C:\servidor\htdocs\yii\framework\YiiBase.php(196): YiiBase::import('YiiAMQP\\Client', true)
#1 C:\servidor\htdocs\yii\framework\base\CModule.php(386): YiiBase::createComponent(Array)
#2 C:\servidor\htdocs\yii\framework\base\CModule.php(103): CModule->getComponent('rabbitMQ')
#3 C:\servidor\htdocs\MessageManager\protected\controllers\MessagesController.php(54): CModule->__get('rabbitMQ')
#4 C:\servidor\htdocs\yii\framework\web\actions\CInlineAction.php(49): MessagesController->actionSend()
#5 C:\servidor\htdocs\yii\framework\web\CController.php(308): CInlineAction->runWithParams(Array)
#6 C:\servidor\htdocs\yii\framework\web\CController.php(286): CController->runAction(Object(CInlineAction))
#7 C:\servidor\htdocs\yii\framework\web\CController.php(265): CController->runActionWithFilters(Object(CInlineAction), Array)
#8 C:\servidor\htdocs\yii\framework\web\CWebApplication.php(282): CController->run('send')
#9 C:\servidor\htdocs\yii\framework\web\CWebApplication.php(141): CWebApplication->runController('messages/send')
#10 C:\servidor\htdocs\yii\framework\base\CApplication.php(169): CWebApplication->processRequest()
#11 C:\servidor\htdocs\MessageManager\index.php(13): CApplication->run()
#12 {main}
REQUEST_URI=/MessageManager/index.php/messages/send
HTTP_REFERER=http://localhost/MessageManager/index.php/messages/message
---
2014/08/06 00:00:02 [error] [exception.CException] exception 'CException' with message 'Alias "YiiAMQP" is invalid. Make sure it points to an existing directory.' in C:\servidor\htdocs\yii\framework\YiiBase.php:290
Stack trace:
#0 C:\servidor\htdocs\yii\framework\YiiBase.php(196): YiiBase::import('YiiAMQP\\Client', true)
#1 C:\servidor\htdocs\yii\framework\base\CModule.php(386): YiiBase::createComponent(Array)
#2 C:\servidor\htdocs\yii\framework\base\CModule.php(103): CModule->getComponent('rabbitMQ')
#3 C:\servidor\htdocs\MessageManager\protected\controllers\MessagesController.php(54): CModule->__get('rabbitMQ')
#4 C:\servidor\htdocs\yii\framework\web\actions\CInlineAction.php(49): MessagesController->actionSend()
#5 C:\servidor\htdocs\yii\framework\web\CController.php(308): CInlineAction->runWithParams(Array)
#6 C:\servidor\htdocs\yii\framework\web\CController.php(286): CController->runAction(Object(CInlineAction))
#7 C:\servidor\htdocs\yii\framework\web\CController.php(265): CController->runActionWithFilters(Object(CInlineAction), Array)
#8 C:\servidor\htdocs\yii\framework\web\CWebApplication.php(282): CController->run('send')
#9 C:\servidor\htdocs\yii\framework\web\CWebApplication.php(141): CWebApplication->runController('messages/send')
#10 C:\servidor\htdocs\yii\framework\base\CApplication.php(169): CWebApplication->processRequest()
#11 C:\servidor\htdocs\MessageManager\index.php(13): CApplication->run()
#12 {main}
REQUEST_URI=/MessageManager/index.php/messages/send
HTTP_REFERER=http://localhost/MessageManager/index.php/messages/message
---
2014/08/06 00:00:04 [error] [exception.CException] exception 'CException' with message 'Alias "YiiAMQP" is invalid. Make sure it points to an existing directory.' in C:\servidor\htdocs\yii\framework\YiiBase.php:290
Stack trace:
#0 C:\servidor\htdocs\yii\framework\YiiBase.php(196): YiiBase::import('YiiAMQP\\Client', true)
#1 C:\servidor\htdocs\yii\framework\base\CModule.php(386): YiiBase::createComponent(Array)
#2 C:\servidor\htdocs\yii\framework\base\CModule.php(103): CModule->getComponent('rabbitMQ')
#3 C:\servidor\htdocs\MessageManager\protected\controllers\MessagesController.php(54): CModule->__get('rabbitMQ')
#4 C:\servidor\htdocs\yii\framework\web\actions\CInlineAction.php(49): MessagesController->actionSend()
#5 C:\servidor\htdocs\yii\framework\web\CController.php(308): CInlineAction->runWithParams(Array)
#6 C:\servidor\htdocs\yii\framework\web\CController.php(286): CController->runAction(Object(CInlineAction))
#7 C:\servidor\htdocs\yii\framework\web\CController.php(265): CController->runActionWithFilters(Object(CInlineAction), Array)
#8 C:\servidor\htdocs\yii\framework\web\CWebApplication.php(282): CController->run('send')
#9 C:\servidor\htdocs\yii\framework\web\CWebApplication.php(141): CWebApplication->runController('messages/send')
#10 C:\servidor\htdocs\yii\framework\base\CApplication.php(169): CWebApplication->processRequest()
#11 C:\servidor\htdocs\MessageManager\index.php(13): CApplication->run()
#12 {main}
REQUEST_URI=/MessageManager/index.php/messages/send
HTTP_REFERER=http://localhost/MessageManager/index.php/messages/message
---
2014/08/06 00:01:40 [error] [php] include(Client.php): failed to open stream: No such file or directory (C:\servidor\htdocs\yii\framework\YiiBase.php:421)
Stack trace:
#0 C:\servidor\htdocs\yii\framework\YiiBase.php(196): import()
#1 C:\servidor\htdocs\yii\framework\base\CModule.php(386): createComponent()
#2 C:\servidor\htdocs\yii\framework\base\CModule.php(103): CWebApplication->getComponent()
#3 C:\servidor\htdocs\MessageManager\protected\controllers\MessagesController.php(54): CWebApplication->__get()
#4 C:\servidor\htdocs\yii\framework\web\actions\CInlineAction.php(49): MessagesController->actionSend()
#5 C:\servidor\htdocs\yii\framework\web\CController.php(308): CInlineAction->runWithParams()
#6 C:\servidor\htdocs\yii\framework\web\CController.php(286): MessagesController->runAction()
#7 C:\servidor\htdocs\yii\framework\web\CController.php(265): MessagesController->runActionWithFilters()
#8 C:\servidor\htdocs\yii\framework\web\CWebApplication.php(282): MessagesController->run()
#9 C:\servidor\htdocs\yii\framework\web\CWebApplication.php(141): CWebApplication->runController()
#10 C:\servidor\htdocs\yii\framework\base\CApplication.php(169): CWebApplication->processRequest()
#11 C:\servidor\htdocs\MessageManager\index.php(13): CWebApplication->run()
REQUEST_URI=/MessageManager/index.php/messages/send
in C:\servidor\htdocs\MessageManager\protected\controllers\MessagesController.php (54)
in C:\servidor\htdocs\MessageManager\index.php (13)
2014/08/06 00:01:59 [error] [exception.CException] exception 'CException' with message 'Alias "YiiAMQP" is invalid. Make sure it points to an existing directory.' in C:\servidor\htdocs\yii\framework\YiiBase.php:290
Stack trace:
#0 C:\servidor\htdocs\yii\framework\YiiBase.php(196): YiiBase::import('\\YiiAMQP\\Client', true)
#1 C:\servidor\htdocs\yii\framework\base\CModule.php(386): YiiBase::createComponent(Array)
#2 C:\servidor\htdocs\yii\framework\base\CModule.php(103): CModule->getComponent('rabbitMQ')
#3 C:\servidor\htdocs\MessageManager\protected\controllers\MessagesController.php(54): CModule->__get('rabbitMQ')
#4 C:\servidor\htdocs\yii\framework\web\actions\CInlineAction.php(49): MessagesController->actionSend()
#5 C:\servidor\htdocs\yii\framework\web\CController.php(308): CInlineAction->runWithParams(Array)
#6 C:\servidor\htdocs\yii\framework\web\CController.php(286): CController->runAction(Object(CInlineAction))
#7 C:\servidor\htdocs\yii\framework\web\CController.php(265): CController->runActionWithFilters(Object(CInlineAction), Array)
#8 C:\servidor\htdocs\yii\framework\web\CWebApplication.php(282): CController->run('send')
#9 C:\servidor\htdocs\yii\framework\web\CWebApplication.php(141): CWebApplication->runController('messages/send')
#10 C:\servidor\htdocs\yii\framework\base\CApplication.php(169): CWebApplication->processRequest()
#11 C:\servidor\htdocs\MessageManager\index.php(13): CApplication->run()
#12 {main}
REQUEST_URI=/MessageManager/index.php/messages/send
HTTP_REFERER=http://localhost/MessageManager/index.php/messages/message
---
2014/08/06 00:03:57 [error] [php] include(C:\servidor\htdocs\MessageManager\protected\components\Client.php): failed to open stream: No such file or directory (C:\servidor\htdocs\yii\framework\YiiBase.php:421)
Stack trace:
#0 C:\servidor\htdocs\yii\framework\YiiBase.php(196): import()
#1 C:\servidor\htdocs\yii\framework\base\CModule.php(386): createComponent()
#2 C:\servidor\htdocs\yii\framework\base\CModule.php(103): CWebApplication->getComponent()
#3 C:\servidor\htdocs\MessageManager\protected\controllers\MessagesController.php(54): CWebApplication->__get()
#4 C:\servidor\htdocs\yii\framework\web\actions\CInlineAction.php(49): MessagesController->actionSend()
#5 C:\servidor\htdocs\yii\framework\web\CController.php(308): CInlineAction->runWithParams()
#6 C:\servidor\htdocs\yii\framework\web\CController.php(286): MessagesController->runAction()
#7 C:\servidor\htdocs\yii\framework\web\CController.php(265): MessagesController->runActionWithFilters()
#8 C:\servidor\htdocs\yii\framework\web\CWebApplication.php(282): MessagesController->run()
#9 C:\servidor\htdocs\yii\framework\web\CWebApplication.php(141): CWebApplication->runController()
#10 C:\servidor\htdocs\yii\framework\base\CApplication.php(169): CWebApplication->processRequest()
#11 C:\servidor\htdocs\MessageManager\index.php(13): CWebApplication->run()
REQUEST_URI=/MessageManager/index.php/messages/send
in C:\servidor\htdocs\MessageManager\protected\controllers\MessagesController.php (54)
in C:\servidor\htdocs\MessageManager\index.php (13)
2014/08/06 00:04:08 [error] [php] include(C:\servidor\htdocs\MessageManager\protected\components\Client.php): failed to open stream: No such file or directory (C:\servidor\htdocs\yii\framework\YiiBase.php:421)
Stack trace:
#0 C:\servidor\htdocs\yii\framework\YiiBase.php(196): import()
#1 C:\servidor\htdocs\yii\framework\base\CModule.php(386): createComponent()
#2 C:\servidor\htdocs\yii\framework\base\CModule.php(103): CWebApplication->getComponent()
#3 C:\servidor\htdocs\MessageManager\protected\controllers\MessagesController.php(54): CWebApplication->__get()
#4 C:\servidor\htdocs\yii\framework\web\actions\CInlineAction.php(49): MessagesController->actionSend()
#5 C:\servidor\htdocs\yii\framework\web\CController.php(308): CInlineAction->runWithParams()
#6 C:\servidor\htdocs\yii\framework\web\CController.php(286): MessagesController->runAction()
#7 C:\servidor\htdocs\yii\framework\web\CController.php(265): MessagesController->runActionWithFilters()
#8 C:\servidor\htdocs\yii\framework\web\CWebApplication.php(282): MessagesController->run()
#9 C:\servidor\htdocs\yii\framework\web\CWebApplication.php(141): CWebApplication->runController()
#10 C:\servidor\htdocs\yii\framework\base\CApplication.php(169): CWebApplication->processRequest()
#11 C:\servidor\htdocs\MessageManager\index.php(13): CWebApplication->run()
REQUEST_URI=/MessageManager/index.php/messages/send
in C:\servidor\htdocs\MessageManager\protected\controllers\MessagesController.php (54)
in C:\servidor\htdocs\MessageManager\index.php (13)
2014/08/06 00:05:02 [error] [exception.CException] exception 'CException' with message 'Alias "YiiAMQP" is invalid. Make sure it points to an existing directory.' in C:\servidor\htdocs\yii\framework\YiiBase.php:290
Stack trace:
#0 C:\servidor\htdocs\yii\framework\YiiBase.php(196): YiiBase::import('YiiAMQP\\Client', true)
#1 C:\servidor\htdocs\yii\framework\base\CModule.php(386): YiiBase::createComponent(Array)
#2 C:\servidor\htdocs\yii\framework\base\CModule.php(103): CModule->getComponent('rabbitMQ')
#3 C:\servidor\htdocs\MessageManager\protected\controllers\MessagesController.php(54): CModule->__get('rabbitMQ')
#4 C:\servidor\htdocs\yii\framework\web\actions\CInlineAction.php(49): MessagesController->actionSend()
#5 C:\servidor\htdocs\yii\framework\web\CController.php(308): CInlineAction->runWithParams(Array)
#6 C:\servidor\htdocs\yii\framework\web\CController.php(286): CController->runAction(Object(CInlineAction))
#7 C:\servidor\htdocs\yii\framework\web\CController.php(265): CController->runActionWithFilters(Object(CInlineAction), Array)
#8 C:\servidor\htdocs\yii\framework\web\CWebApplication.php(282): CController->run('send')
#9 C:\servidor\htdocs\yii\framework\web\CWebApplication.php(141): CWebApplication->runController('messages/send')
#10 C:\servidor\htdocs\yii\framework\base\CApplication.php(169): CWebApplication->processRequest()
#11 C:\servidor\htdocs\MessageManager\index.php(13): CApplication->run()
#12 {main}
REQUEST_URI=/MessageManager/index.php/messages/send
HTTP_REFERER=http://localhost/MessageManager/index.php/messages/message
---
2014/08/06 00:05:28 [error] [exception.CException] exception 'CException' with message 'Alias "./YiiAMQP/Client" is invalid. Make sure it points to an existing directory or file.' in C:\servidor\htdocs\yii\framework\YiiBase.php:341
Stack trace:
#0 C:\servidor\htdocs\yii\framework\YiiBase.php(196): YiiBase::import('./YiiAMQP/Clien...', true)
#1 C:\servidor\htdocs\yii\framework\base\CModule.php(386): YiiBase::createComponent(Array)
#2 C:\servidor\htdocs\yii\framework\base\CModule.php(103): CModule->getComponent('rabbitMQ')
#3 C:\servidor\htdocs\MessageManager\protected\controllers\MessagesController.php(54): CModule->__get('rabbitMQ')
#4 C:\servidor\htdocs\yii\framework\web\actions\CInlineAction.php(49): MessagesController->actionSend()
#5 C:\servidor\htdocs\yii\framework\web\CController.php(308): CInlineAction->runWithParams(Array)
#6 C:\servidor\htdocs\yii\framework\web\CController.php(286): CController->runAction(Object(CInlineAction))
#7 C:\servidor\htdocs\yii\framework\web\CController.php(265): CController->runActionWithFilters(Object(CInlineAction), Array)
#8 C:\servidor\htdocs\yii\framework\web\CWebApplication.php(282): CController->run('send')
#9 C:\servidor\htdocs\yii\framework\web\CWebApplication.php(141): CWebApplication->runController('messages/send')
#10 C:\servidor\htdocs\yii\framework\base\CApplication.php(169): CWebApplication->processRequest()
#11 C:\servidor\htdocs\MessageManager\index.php(13): CApplication->run()
#12 {main}
REQUEST_URI=/MessageManager/index.php/messages/send
HTTP_REFERER=http://localhost/MessageManager/index.php/messages/message
---
2014/08/06 00:05:30 [error] [exception.CException] exception 'CException' with message 'Alias "./YiiAMQP/Client" is invalid. Make sure it points to an existing directory or file.' in C:\servidor\htdocs\yii\framework\YiiBase.php:341
Stack trace:
#0 C:\servidor\htdocs\yii\framework\YiiBase.php(196): YiiBase::import('./YiiAMQP/Clien...', true)
#1 C:\servidor\htdocs\yii\framework\base\CModule.php(386): YiiBase::createComponent(Array)
#2 C:\servidor\htdocs\yii\framework\base\CModule.php(103): CModule->getComponent('rabbitMQ')
#3 C:\servidor\htdocs\MessageManager\protected\controllers\MessagesController.php(54): CModule->__get('rabbitMQ')
#4 C:\servidor\htdocs\yii\framework\web\actions\CInlineAction.php(49): MessagesController->actionSend()
#5 C:\servidor\htdocs\yii\framework\web\CController.php(308): CInlineAction->runWithParams(Array)
#6 C:\servidor\htdocs\yii\framework\web\CController.php(286): CController->runAction(Object(CInlineAction))
#7 C:\servidor\htdocs\yii\framework\web\CController.php(265): CController->runActionWithFilters(Object(CInlineAction), Array)
#8 C:\servidor\htdocs\yii\framework\web\CWebApplication.php(282): CController->run('send')
#9 C:\servidor\htdocs\yii\framework\web\CWebApplication.php(141): CWebApplication->runController('messages/send')
#10 C:\servidor\htdocs\yii\framework\base\CApplication.php(169): CWebApplication->processRequest()
#11 C:\servidor\htdocs\MessageManager\index.php(13): CApplication->run()
#12 {main}
REQUEST_URI=/MessageManager/index.php/messages/send
HTTP_REFERER=http://localhost/MessageManager/index.php/messages/message
---
2014/08/06 00:10:49 [error] [exception.CException] exception 'CException' with message 'Alias "YiiAMQP" is invalid. Make sure it points to an existing directory.' in C:\servidor\htdocs\yii\framework\YiiBase.php:290
Stack trace:
#0 C:\servidor\htdocs\yii\framework\YiiBase.php(196): YiiBase::import('\\YiiAMQP\\Client', true)
#1 C:\servidor\htdocs\yii\framework\base\CModule.php(386): YiiBase::createComponent(Array)
#2 C:\servidor\htdocs\yii\framework\base\CModule.php(103): CModule->getComponent('rabbitMQ')
#3 C:\servidor\htdocs\MessageManager\protected\controllers\MessagesController.php(54): CModule->__get('rabbitMQ')
#4 C:\servidor\htdocs\yii\framework\web\actions\CInlineAction.php(49): MessagesController->actionSend()
#5 C:\servidor\htdocs\yii\framework\web\CController.php(308): CInlineAction->runWithParams(Array)
#6 C:\servidor\htdocs\yii\framework\web\CController.php(286): CController->runAction(Object(CInlineAction))
#7 C:\servidor\htdocs\yii\framework\web\CController.php(265): CController->runActionWithFilters(Object(CInlineAction), Array)
#8 C:\servidor\htdocs\yii\framework\web\CWebApplication.php(282): CController->run('send')
#9 C:\servidor\htdocs\yii\framework\web\CWebApplication.php(141): CWebApplication->runController('messages/send')
#10 C:\servidor\htdocs\yii\framework\base\CApplication.php(169): CWebApplication->processRequest()
#11 C:\servidor\htdocs\MessageManager\index.php(13): CApplication->run()
#12 {main}
REQUEST_URI=/MessageManager/index.php/messages/send
HTTP_REFERER=http://localhost/MessageManager/index.php/messages/message
---
2014/08/06 00:10:50 [error] [exception.CException] exception 'CException' with message 'Alias "YiiAMQP" is invalid. Make sure it points to an existing directory.' in C:\servidor\htdocs\yii\framework\YiiBase.php:290
Stack trace:
#0 C:\servidor\htdocs\yii\framework\YiiBase.php(196): YiiBase::import('\\YiiAMQP\\Client', true)
#1 C:\servidor\htdocs\yii\framework\base\CModule.php(386): YiiBase::createComponent(Array)
#2 C:\servidor\htdocs\yii\framework\base\CModule.php(103): CModule->getComponent('rabbitMQ')
#3 C:\servidor\htdocs\MessageManager\protected\controllers\MessagesController.php(54): CModule->__get('rabbitMQ')
#4 C:\servidor\htdocs\yii\framework\web\actions\CInlineAction.php(49): MessagesController->actionSend()
#5 C:\servidor\htdocs\yii\framework\web\CController.php(308): CInlineAction->runWithParams(Array)
#6 C:\servidor\htdocs\yii\framework\web\CController.php(286): CController->runAction(Object(CInlineAction))
#7 C:\servidor\htdocs\yii\framework\web\CController.php(265): CController->runActionWithFilters(Object(CInlineAction), Array)
#8 C:\servidor\htdocs\yii\framework\web\CWebApplication.php(282): CController->run('send')
#9 C:\servidor\htdocs\yii\framework\web\CWebApplication.php(141): CWebApplication->runController('messages/send')
#10 C:\servidor\htdocs\yii\framework\base\CApplication.php(169): CWebApplication->processRequest()
#11 C:\servidor\htdocs\MessageManager\index.php(13): CApplication->run()
#12 {main}
REQUEST_URI=/MessageManager/index.php/messages/send
HTTP_REFERER=http://localhost/MessageManager/index.php/messages/message
---
2014/08/06 00:12:54 [error] [php] include(Client.php): failed to open stream: No such file or directory (C:\servidor\htdocs\yii\framework\YiiBase.php:421)
Stack trace:
#0 C:\servidor\htdocs\yii\framework\YiiBase.php(217): spl_autoload_call()
#1 C:\servidor\htdocs\yii\framework\base\CModule.php(386): createComponent()
#2 C:\servidor\htdocs\yii\framework\base\CModule.php(103): CWebApplication->getComponent()
#3 C:\servidor\htdocs\MessageManager\protected\controllers\MessagesController.php(54): CWebApplication->__get()
#4 C:\servidor\htdocs\yii\framework\web\actions\CInlineAction.php(49): MessagesController->actionSend()
#5 C:\servidor\htdocs\yii\framework\web\CController.php(308): CInlineAction->runWithParams()
#6 C:\servidor\htdocs\yii\framework\web\CController.php(286): MessagesController->runAction()
#7 C:\servidor\htdocs\yii\framework\web\CController.php(265): MessagesController->runActionWithFilters()
#8 C:\servidor\htdocs\yii\framework\web\CWebApplication.php(282): MessagesController->run()
#9 C:\servidor\htdocs\yii\framework\web\CWebApplication.php(141): CWebApplication->runController()
#10 C:\servidor\htdocs\yii\framework\base\CApplication.php(169): CWebApplication->processRequest()
#11 C:\servidor\htdocs\MessageManager\index.php(13): CWebApplication->run()
REQUEST_URI=/MessageManager/index.php/messages/send
in C:\servidor\htdocs\MessageManager\protected\controllers\MessagesController.php (54)
in C:\servidor\htdocs\MessageManager\index.php (13)
2014/08/06 00:13:55 [error] [php] include(Client.php): failed to open stream: No such file or directory (C:\servidor\htdocs\yii\framework\YiiBase.php:421)
Stack trace:
#0 C:\servidor\htdocs\yii\framework\YiiBase.php(217): spl_autoload_call()
#1 C:\servidor\htdocs\yii\framework\base\CModule.php(386): createComponent()
#2 C:\servidor\htdocs\yii\framework\base\CModule.php(103): CWebApplication->getComponent()
#3 C:\servidor\htdocs\MessageManager\protected\controllers\MessagesController.php(54): CWebApplication->__get()
#4 C:\servidor\htdocs\yii\framework\web\actions\CInlineAction.php(49): MessagesController->actionSend()
#5 C:\servidor\htdocs\yii\framework\web\CController.php(308): CInlineAction->runWithParams()
#6 C:\servidor\htdocs\yii\framework\web\CController.php(286): MessagesController->runAction()
#7 C:\servidor\htdocs\yii\framework\web\CController.php(265): MessagesController->runActionWithFilters()
#8 C:\servidor\htdocs\yii\framework\web\CWebApplication.php(282): MessagesController->run()
#9 C:\servidor\htdocs\yii\framework\web\CWebApplication.php(141): CWebApplication->runController()
#10 C:\servidor\htdocs\yii\framework\base\CApplication.php(169): CWebApplication->processRequest()
#11 C:\servidor\htdocs\MessageManager\index.php(13): CWebApplication->run()
REQUEST_URI=/MessageManager/index.php/messages/send
in C:\servidor\htdocs\MessageManager\protected\controllers\MessagesController.php (54)
in C:\servidor\htdocs\MessageManager\index.php (13)
2014/08/06 07:07:11 [error] [php] include(Client.php): failed to open stream: No such file or directory (C:\servidor\htdocs\yii\framework\YiiBase.php:421)
Stack trace:
#0 C:\servidor\htdocs\yii\framework\YiiBase.php(217): spl_autoload_call()
#1 C:\servidor\htdocs\yii\framework\base\CModule.php(386): createComponent()
#2 C:\servidor\htdocs\yii\framework\base\CModule.php(103): CWebApplication->getComponent()
#3 C:\servidor\htdocs\MessageManager\protected\controllers\MessagesController.php(54): CWebApplication->__get()
#4 C:\servidor\htdocs\yii\framework\web\actions\CInlineAction.php(49): MessagesController->actionSend()
#5 C:\servidor\htdocs\yii\framework\web\CController.php(308): CInlineAction->runWithParams()
#6 C:\servidor\htdocs\yii\framework\web\CController.php(286): MessagesController->runAction()
#7 C:\servidor\htdocs\yii\framework\web\CController.php(265): MessagesController->runActionWithFilters()
#8 C:\servidor\htdocs\yii\framework\web\CWebApplication.php(282): MessagesController->run()
#9 C:\servidor\htdocs\yii\framework\web\CWebApplication.php(141): CWebApplication->runController()
#10 C:\servidor\htdocs\yii\framework\base\CApplication.php(169): CWebApplication->processRequest()
#11 C:\servidor\htdocs\MessageManager\index.php(13): CWebApplication->run()
REQUEST_URI=/MessageManager/index.php/messages/send
in C:\servidor\htdocs\MessageManager\protected\controllers\MessagesController.php (54)
in C:\servidor\htdocs\MessageManager\index.php (13)
